2026-03-27 15:01:23,919 - INFO - Calculating time-weighted independence scores for 2026-03-26
2026-03-27 15:01:24,359 - INFO - Calculating time-weighted scores for 2026-03-26 with config 'morning_focus'
2026-03-27 15:01:29,299 - INFO - Calculated 111 time-weighted scores for 2026-03-26
2026-03-27 15:01:29,491 - INFO - Calculation completed successfully

Top 20 Time-Weighted Independence Scores for 2026-03-26 (config: morning_focus):
Symbol       Name         Sector               Raw   Weighted Contra
---------------------------------------------------------------------------
sz000993     闽东电力         电力                  6.00     0.1420      6
sz001896     豫能控股         电力                  6.00     0.1420      6
sz000595     *ST宝实        电力                  4.00     0.1200      4
sh600396     华电辽能         电力                  4.00     0.1200      4
sz000792     盐湖股份         农用化工                4.00     0.0820      4
sz003035     南网能源         电力                  4.00     0.0820      4
sz002256     兆新股份         电力                  4.00     0.0820      4
sh603639     海利尔          农用化工                4.00     0.0820      4
sh600397     江钨装备         煤炭开采                4.00     0.0820      4
sz000408     藏格矿业         农用化工                4.00     0.0820      4
sh600101     明星电力         电力                  4.00     0.0820      4
sz002028     思源电气         电网设备                2.00     0.0600      2
sz002576     通达动力         电网设备                2.00     0.0600      2
sz002053     云南能投         电力                  2.00     0.0600      2
sz002168     *ST惠程        电网设备                2.00     0.0600      2
sz002169     智光电气         电网设备                2.00     0.0600      2
sz000669     ST金鸿         燃气                  2.00     0.0600      2
sz002249     大洋电机         电网设备                2.00     0.0600      2
sz000593     德龙汇能         燃气                  2.00     0.0600      2
sz002513     蓝丰生化         电力                  2.00     0.0600      2
