2026-03-27 15:01:23,919 - INFO - Calculating time-weighted independence scores for 2026-03-26
2026-03-27 15:01:24,750 - INFO - Calculating time-weighted scores for 2026-03-26 with config 'trending_market'
2026-03-27 15:01:29,811 - INFO - Calculated 111 time-weighted scores for 2026-03-26
2026-03-27 15:01:29,841 - INFO - Calculation completed successfully

Top 20 Time-Weighted Independence Scores for 2026-03-26 (config: trending_market):
Symbol       Name         Sector               Raw   Weighted Contra
---------------------------------------------------------------------------
sz000993     闽东电力         电力                  6.00     0.1300      6
sz000595     *ST宝实        电力                  6.00     0.1300      6
sh600396     华电辽能         电力                  6.00     0.1300      6
sh600101     明星电力         电力                  6.00     0.1160      6
sz001896     豫能控股         电力                  4.00     0.0960      4
sh603370     华新精科         电网设备                4.00     0.0820      4
sh688611     杭州柯林         电网设备                4.00     0.0820      4
sh688226     威腾电气         电网设备                4.00     0.0820      4
sz300093     *ST金刚        电网设备                4.00     0.0820      4
sh605288     凯迪股份         电网设备                4.00     0.0820      4
sh605196     华通线缆         电网设备                4.00     0.0820      4
sh603988     中电电机         电网设备                4.00     0.0820      4
sh603350     安乃达          电网设备                4.00     0.0820      4
sh603819     神力股份         电网设备                4.00     0.0820      4
sh603530     神马电力         电网设备                4.00     0.0820      4
sh603583     捷昌驱动         电网设备                4.00     0.0820      4
sh603639     海利尔          农用化工                4.00     0.0820      4
sh603861     白云电器         电网设备                4.00     0.0820      4
sh603728     鸣志电器         电网设备                4.00     0.0820      4
sz300222     科大智能         电网设备                4.00     0.0820      4
