2026-03-27 15:01:23,919 - INFO - Calculating time-weighted independence scores for 2026-03-26
2026-03-27 15:01:24,420 - INFO - Calculating time-weighted scores for 2026-03-26 with config 'conservative'
2026-03-27 15:01:29,480 - INFO - Calculated 111 time-weighted scores for 2026-03-26
2026-03-27 15:01:29,640 - INFO - Calculation completed successfully

Top 20 Time-Weighted Independence Scores for 2026-03-26 (config: conservative):
Symbol       Name         Sector               Raw   Weighted Contra
---------------------------------------------------------------------------
sz001896     豫能控股         电力                  6.00     0.1250      6
sz000993     闽东电力         电力                  6.00     0.1250      6
sh600996     贵广网络         影视院线                4.00     0.0833      4
sz301201     诚达药业         生物制品                4.00     0.0833      4
sz300668     杰恩设计         装修装饰                4.00     0.0833      4
sz003035     南网能源         电力                  4.00     0.0833      4
sz002789     *ST建艺        装修装饰                4.00     0.0833      4
sz002256     兆新股份         电力                  4.00     0.0833      4
sz000595     *ST宝实        电力                  4.00     0.0833      4
sh688710     益诺思          生物制品                4.00     0.0833      4
sh688192     迪哲医药         生物制品                4.00     0.0833      4
sh688062     迈威生物         生物制品                4.00     0.0833      4
sh603721     *ST天择        影视院线                4.00     0.0833      4
sh600682     南京新百         生物制品                4.00     0.0833      4
sh600193     *ST创兴        装修装饰                4.00     0.0833      4
sh600396     华电辽能         电力                  4.00     0.0833      4
sh600397     江钨装备         煤炭开采                4.00     0.0833      4
sh600101     明星电力         电力                  4.00     0.0833      4
sz002259     升达林业         燃气                  2.00     0.0417      2
sh600163     中闽能源         电力                  2.00     0.0417      2
